<?xml version="1.0" encoding="UTF-8"?>
<!-- Generated by org.testng.reporters.JUnitReportReporter -->
<testsuite hostname="DESKTOP-JV1RIKR" failures="0" tests="1" name="newww1.work" time="21.824" errors="0" timestamp="2021-01-04T16:52:41 IST" skipped="0">
  <testcase classname="newww1.work" name="Testtt" time="21.824"/>
</testsuite> <!-- newww1.work -->
