<?xml version="1.0" encoding="UTF-8"?>
<!-- Generated by org.testng.reporters.JUnitReportReporter -->
<testsuite skipped="0" hostname="DESKTOP-9NAQJ43" name="data.datapro" tests="2" failures="0" timestamp="31 Oct 2020 13:52:58 GMT" time="0.684" errors="0">
  <testcase name="setData1" time="0.246" classname="data.datapro"/>
  <testcase name="setData1" time="0.438" classname="data.datapro"/>
</testsuite> <!-- data.datapro -->
