<?xml version="1.0" encoding="UTF-8"?>
<!-- Generated by org.testng.reporters.JUnitReportReporter -->
<testsuite hostname="DESKTOP-JV1RIKR" failures="0" tests="1" name="newwww2.work" time="12.440" errors="0" timestamp="2021-01-04T20:18:03 IST" skipped="0">
  <testcase classname="newwww2.work" name="Testtt" time="12.440"/>
</testsuite> <!-- newwww2.work -->
