<?xml version="1.0" encoding="UTF-8"?>
<!-- Generated by org.testng.reporters.JUnitReportReporter -->
<testsuite hostname="DESKTOP-JV1RIKR" failures="0" tests="3" name="Test.Testt" time="2.162" errors="0" timestamp="2020-12-28T19:10:16 IST" skipped="0">
  <testcase classname="Test.Testt" name="setData1" time="0.653"/>
  <testcase classname="Test.Testt" name="setData1" time="1.406"/>
  <testcase classname="Test.Testt" name="set1" time="0.103"/>
</testsuite> <!-- Test.Testt -->
