<?xml version="1.0" encoding="UTF-8"?>
<!-- Generated by org.testng.reporters.JUnitReportReporter -->
<testsuite hostname="DESKTOP-JV1RIKR" failures="0" tests="1" name="newww.work" time="20.909" errors="0" timestamp="2021-01-04T16:27:59 IST" skipped="0">
  <testcase classname="newww.work" name="Testtt" time="20.909"/>
</testsuite> <!-- newww.work -->
