<?xml version="1.0" encoding="UTF-8"?>
<!-- Generated by org.testng.reporters.JUnitReportReporter -->
<testsuite hostname="DESKTOP-JV1RIKR" failures="0" tests="1" name="newwww4.work" time="10.594" errors="0" timestamp="2021-01-04T19:44:15 IST" skipped="0">
  <testcase classname="newwww4.work" name="Testtt" time="10.594"/>
</testsuite> <!-- newwww4.work -->
