<?xml version="1.0" encoding="UTF-8"?>
<!-- Generated by org.testng.reporters.JUnitReportReporter -->
<testsuite hostname="DESKTOP-JV1RIKR" failures="0" tests="1" name="Test.DragAndDrop" time="17.910" errors="0" timestamp="2021-01-04T15:38:16 IST" skipped="0">
  <testcase classname="Test.DragAndDrop" name="DragnDrop" time="17.910"/>
</testsuite> <!-- Test.DragAndDrop -->
